2025-12-30 19:28:26,571 - BTCPaySwitch - INFO - Starting Bitcoin Switch WebSocket client
2025-12-30 19:28:26,571 - BTCPaySwitch - INFO - WebSocket URL: wss://umbrel.local:3003/apps/32KCJgUTzUBBZD8GJprDxdGMSrXM/pos/bitcoinswitch
2025-12-30 19:28:26,571 - BTCPaySwitch - INFO - Relay pin: 17
2025-12-30 19:28:26,571 - BTCPaySwitch - INFO - Connecting to wss://umbrel.local:3003/apps/32KCJgUTzUBBZD8GJprDxdGMSrXM/pos/bitcoinswitch
2025-12-30 19:28:26,683 - BTCPaySwitch - ERROR - WebSocket error: [Errno 65] No route to host
2025-12-30 19:28:26,683 - BTCPaySwitch - WARNING - WebSocket connection closed: None - None
2025-12-30 19:28:26,683 - BTCPaySwitch - INFO - Reconnecting in 5 seconds...
2025-12-30 19:28:31,688 - BTCPaySwitch - INFO - Connecting to wss://umbrel.local:3003/apps/32KCJgUTzUBBZD8GJprDxdGMSrXM/pos/bitcoinswitch
2025-12-30 19:28:31,732 - BTCPaySwitch - ERROR - WebSocket error: [SSL] record layer failure (_ssl.c:1035)
2025-12-30 19:28:31,733 - BTCPaySwitch - WARNING - WebSocket connection closed: None - None
2025-12-30 19:28:31,733 - BTCPaySwitch - INFO - Reconnecting in 7.5 seconds...
2025-12-30 19:28:39,238 - BTCPaySwitch - INFO - Connecting to wss://umbrel.local:3003/apps/32KCJgUTzUBBZD8GJprDxdGMSrXM/pos/bitcoinswitch
2025-12-30 19:28:39,273 - BTCPaySwitch - ERROR - WebSocket error: [SSL] record layer failure (_ssl.c:1035)
2025-12-30 19:28:39,273 - BTCPaySwitch - WARNING - WebSocket connection closed: None - None
2025-12-30 19:28:39,273 - BTCPaySwitch - INFO - Reconnecting in 11.25 seconds...
2025-12-30 19:28:50,529 - BTCPaySwitch - INFO - Connecting to wss://umbrel.local:3003/apps/32KCJgUTzUBBZD8GJprDxdGMSrXM/pos/bitcoinswitch
2025-12-30 19:28:50,561 - BTCPaySwitch - ERROR - WebSocket error: [SSL] record layer failure (_ssl.c:1035)
2025-12-30 19:28:50,561 - BTCPaySwitch - WARNING - WebSocket connection closed: None - None
2025-12-30 19:28:50,561 - BTCPaySwitch - INFO - Reconnecting in 16.875 seconds...
2025-12-30 19:29:07,442 - BTCPaySwitch - INFO - Connecting to wss://umbrel.local:3003/apps/32KCJgUTzUBBZD8GJprDxdGMSrXM/pos/bitcoinswitch
2025-12-30 19:29:07,477 - BTCPaySwitch - ERROR - WebSocket error: [SSL] record layer failure (_ssl.c:1035)
2025-12-30 19:29:07,477 - BTCPaySwitch - WARNING - WebSocket connection closed: None - None
2025-12-30 19:29:07,477 - BTCPaySwitch - INFO - Reconnecting in 25.3125 seconds...
2025-12-30 19:29:32,795 - BTCPaySwitch - INFO - Connecting to wss://umbrel.local:3003/apps/32KCJgUTzUBBZD8GJprDxdGMSrXM/pos/bitcoinswitch
2025-12-30 19:29:32,832 - BTCPaySwitch - ERROR - WebSocket error: [SSL] record layer failure (_ssl.c:1035)
2025-12-30 19:29:32,832 - BTCPaySwitch - WARNING - WebSocket connection closed: None - None
2025-12-30 19:29:32,832 - BTCPaySwitch - INFO - Reconnecting in 37.96875 seconds...
2025-12-30 19:30:10,807 - BTCPaySwitch - INFO - Connecting to wss://umbrel.local:3003/apps/32KCJgUTzUBBZD8GJprDxdGMSrXM/pos/bitcoinswitch
2025-12-30 19:30:10,841 - BTCPaySwitch - ERROR - WebSocket error: [SSL] record layer failure (_ssl.c:1035)
2025-12-30 19:30:10,841 - BTCPaySwitch - WARNING - WebSocket connection closed: None - None
2025-12-30 19:30:10,841 - BTCPaySwitch - INFO - Reconnecting in 56.953125 seconds...
2025-12-30 19:30:15,983 - BTCPaySwitch - INFO - Shutting down...
2025-12-30 19:30:25,828 - BTCPaySwitch - INFO - Starting Bitcoin Switch WebSocket client
2025-12-30 19:30:25,828 - BTCPaySwitch - INFO - WebSocket URL: wss://umbrel.local:3003/apps/32KCJgUTzUBBZD8GJprDxdGMSrXM/pos/bitcoinswitch
2025-12-30 19:30:25,828 - BTCPaySwitch - INFO - Relay pin: 17
2025-12-30 19:30:25,828 - BTCPaySwitch - INFO - Connecting to wss://umbrel.local:3003/apps/32KCJgUTzUBBZD8GJprDxdGMSrXM/pos/bitcoinswitch
2025-12-30 19:30:26,883 - BTCPaySwitch - ERROR - WebSocket error: [SSL] record layer failure (_ssl.c:1035)
2025-12-30 19:30:26,883 - BTCPaySwitch - WARNING - WebSocket connection closed: None - None
2025-12-30 19:30:26,883 - BTCPaySwitch - INFO - Reconnecting in 5 seconds...
2025-12-30 19:30:31,042 - BTCPaySwitch - INFO - Shutting down...
2025-12-30 19:31:50,224 - BTCPaySwitch - INFO - Starting Bitcoin Switch WebSocket client
2025-12-30 19:31:50,224 - BTCPaySwitch - INFO - WebSocket URL: wss://10.198.1.144:3003/apps/32KCJgUTzUBBZD8GJprDxdGMSrXM/pos/bitcoinswitch
2025-12-30 19:31:50,224 - BTCPaySwitch - INFO - Relay pin: 17
2025-12-30 19:31:50,224 - BTCPaySwitch - INFO - Connecting to wss://10.198.1.144:3003/apps/32KCJgUTzUBBZD8GJprDxdGMSrXM/pos/bitcoinswitch
2025-12-30 19:31:50,229 - BTCPaySwitch - ERROR - WebSocket error: [SSL] record layer failure (_ssl.c:1035)
2025-12-30 19:31:50,229 - BTCPaySwitch - WARNING - WebSocket connection closed: None - None
2025-12-30 19:31:50,229 - BTCPaySwitch - INFO - Reconnecting in 5 seconds...
2025-12-30 19:31:55,235 - BTCPaySwitch - INFO - Connecting to wss://10.198.1.144:3003/apps/32KCJgUTzUBBZD8GJprDxdGMSrXM/pos/bitcoinswitch
2025-12-30 19:31:55,243 - BTCPaySwitch - ERROR - WebSocket error: [SSL] record layer failure (_ssl.c:1035)
2025-12-30 19:31:55,243 - BTCPaySwitch - WARNING - WebSocket connection closed: None - None
2025-12-30 19:31:55,243 - BTCPaySwitch - INFO - Reconnecting in 7.5 seconds...
2025-12-30 19:32:02,749 - BTCPaySwitch - INFO - Connecting to wss://10.198.1.144:3003/apps/32KCJgUTzUBBZD8GJprDxdGMSrXM/pos/bitcoinswitch
2025-12-30 19:32:02,755 - BTCPaySwitch - ERROR - WebSocket error: [SSL] record layer failure (_ssl.c:1035)
2025-12-30 19:32:02,756 - BTCPaySwitch - WARNING - WebSocket connection closed: None - None
2025-12-30 19:32:02,756 - BTCPaySwitch - INFO - Reconnecting in 11.25 seconds...
2025-12-30 19:32:08,803 - BTCPaySwitch - INFO - Shutting down...
2025-12-30 19:43:51,168 - BTCPaySwitch - INFO - Starting Bitcoin Switch WebSocket client
2025-12-30 19:43:51,168 - BTCPaySwitch - INFO - WebSocket URL: wss://umbrel.local:3003/apps/32KCJgUTzUBBZD8GJprDxdGMSrXM/pos/bitcoinswitch
2025-12-30 19:43:51,168 - BTCPaySwitch - INFO - Relay pin: 17
2025-12-30 19:43:51,168 - BTCPaySwitch - INFO - Connecting to wss://umbrel.local:3003/apps/32KCJgUTzUBBZD8GJprDxdGMSrXM/pos/bitcoinswitch
2025-12-30 19:43:51,199 - BTCPaySwitch - ERROR - WebSocket error: [SSL] record layer failure (_ssl.c:1035)
2025-12-30 19:43:51,199 - BTCPaySwitch - WARNING - WebSocket connection closed: None - None
2025-12-30 19:43:51,199 - BTCPaySwitch - INFO - Reconnecting in 5 seconds...
2025-12-30 19:43:56,204 - BTCPaySwitch - INFO - Connecting to wss://umbrel.local:3003/apps/32KCJgUTzUBBZD8GJprDxdGMSrXM/pos/bitcoinswitch
2025-12-30 19:43:56,231 - BTCPaySwitch - ERROR - WebSocket error: [SSL] record layer failure (_ssl.c:1035)
2025-12-30 19:43:56,231 - BTCPaySwitch - WARNING - WebSocket connection closed: None - None
2025-12-30 19:43:56,231 - BTCPaySwitch - INFO - Reconnecting in 7.5 seconds...
2025-12-30 19:44:03,735 - BTCPaySwitch - INFO - Connecting to wss://umbrel.local:3003/apps/32KCJgUTzUBBZD8GJprDxdGMSrXM/pos/bitcoinswitch
2025-12-30 19:44:03,765 - BTCPaySwitch - ERROR - WebSocket error: [SSL] record layer failure (_ssl.c:1035)
2025-12-30 19:44:03,766 - BTCPaySwitch - WARNING - WebSocket connection closed: None - None
2025-12-30 19:44:03,766 - BTCPaySwitch - INFO - Reconnecting in 11.25 seconds...
2025-12-30 19:44:09,082 - BTCPaySwitch - INFO - Shutting down...
2025-12-30 20:48:13,553 - BTCPaySwitch - INFO - Starting Bitcoin Switch WebSocket client
2025-12-30 20:48:13,553 - BTCPaySwitch - INFO - WebSocket URL: wss://umbrel.local:3003/apps/32KCJgUTzUBBZD8GJprDxdGMSrXM/pos/bitcoinswitch
2025-12-30 20:48:13,553 - BTCPaySwitch - INFO - Relay pin: 17
2025-12-30 20:48:13,553 - BTCPaySwitch - INFO - Connecting to wss://umbrel.local:3003/apps/32KCJgUTzUBBZD8GJprDxdGMSrXM/pos/bitcoinswitch
2025-12-30 20:48:13,685 - BTCPaySwitch - ERROR - WebSocket error: [SSL] record layer failure (_ssl.c:1035)
2025-12-30 20:48:13,685 - BTCPaySwitch - WARNING - WebSocket connection closed: None - None
2025-12-30 20:48:13,685 - BTCPaySwitch - INFO - Reconnecting in 5 seconds...
2025-12-30 20:48:16,540 - BTCPaySwitch - INFO - Shutting down...
2025-12-30 21:12:53,205 - BTCPaySwitch - INFO - Starting Bitcoin Switch WebSocket client
2025-12-30 21:12:53,205 - BTCPaySwitch - INFO - WebSocket URL: ws://umbrel.local:3003/apps/32KCJgUTzUBBZD8GJprDxdGMSrXM/pos/bitcoinswitch
2025-12-30 21:12:53,205 - BTCPaySwitch - INFO - Relay pin: 17
2025-12-30 21:12:53,205 - BTCPaySwitch - INFO - Connecting to ws://umbrel.local:3003/apps/32KCJgUTzUBBZD8GJprDxdGMSrXM/pos/bitcoinswitch
2025-12-30 21:12:56,078 - BTCPaySwitch - INFO - WebSocket connection established
2025-12-30 21:22:46,861 - BTCPaySwitch - INFO - Received message: 17-5000.0
2025-12-30 21:22:46,862 - BTCPaySwitch - ERROR - Failed to parse message as JSON: 17-5000.0
2025-12-30 21:28:45,635 - BTCPaySwitch - INFO - Shutting down...
2025-12-30 21:28:45,646 - BTCPaySwitch - WARNING - WebSocket connection closed: None - None
2025-12-30 21:28:45,831 - BTCPaySwitch - INFO - Starting Bitcoin Switch WebSocket client
2025-12-30 21:28:45,831 - BTCPaySwitch - INFO - WebSocket URL: ws://umbrel.local:3003/apps/32KCJgUTzUBBZD8GJprDxdGMSrXM/pos/bitcoinswitch
2025-12-30 21:28:45,831 - BTCPaySwitch - INFO - Relay pin: 17
2025-12-30 21:28:45,831 - BTCPaySwitch - INFO - Connecting to ws://umbrel.local:3003/apps/32KCJgUTzUBBZD8GJprDxdGMSrXM/pos/bitcoinswitch
2025-12-30 21:28:45,849 - BTCPaySwitch - INFO - WebSocket connection established
2025-12-30 21:31:28,343 - BTCPaySwitch - INFO - Received message: 17-5000.0
2025-12-30 21:31:28,344 - BTCPaySwitch - INFO - Starting wash cycle for 5000.0 seconds
2025-12-30 21:31:28,344 - BTCPaySwitch - WARNING - Failed to start washing machine
2025-12-30 21:35:10,069 - BTCPaySwitch - INFO - Shutting down...
2025-12-30 21:35:10,071 - BTCPaySwitch - WARNING - WebSocket connection closed: None - None
2025-12-30 21:35:12,340 - BTCPaySwitch - INFO - Starting Bitcoin Switch WebSocket client
2025-12-30 21:35:12,340 - BTCPaySwitch - INFO - WebSocket URL: ws://umbrel.local:3003/apps/32KCJgUTzUBBZD8GJprDxdGMSrXM/pos/bitcoinswitch
2025-12-30 21:35:12,340 - BTCPaySwitch - INFO - Relay pin: 17
2025-12-30 21:35:12,341 - BTCPaySwitch - INFO - Connecting to ws://umbrel.local:3003/apps/32KCJgUTzUBBZD8GJprDxdGMSrXM/pos/bitcoinswitch
2025-12-30 21:35:12,351 - BTCPaySwitch - INFO - WebSocket connection established
2025-12-30 21:35:27,880 - BTCPaySwitch - INFO - Received message: 17-5000.0
2025-12-30 21:35:27,881 - BTCPaySwitch - WARNING - Duration 5000.0 exceeds maximum allowed (3600). Capping at 3600 seconds.
2025-12-30 21:35:27,881 - BTCPaySwitch - INFO - Starting wash cycle for 3600 seconds
2025-12-30 21:35:27,882 - BTCPaySwitch - INFO - Washing machine started successfully
2025-12-30 21:36:17,340 - BTCPaySwitch - INFO - Received message: 17-5000.0
2025-12-30 21:36:17,340 - BTCPaySwitch - WARNING - Duration 5000.0 exceeds maximum allowed (3600). Capping at 3600 seconds.
2025-12-30 21:36:17,341 - BTCPaySwitch - INFO - Starting wash cycle for 3600 seconds
2025-12-30 21:36:17,341 - BTCPaySwitch - WARNING - Failed to start washing machine
2025-12-30 21:38:37,300 - BTCPaySwitch - INFO - Shutting down...
2025-12-30 21:38:37,302 - BTCPaySwitch - WARNING - WebSocket connection closed: None - None
2026-01-03 12:18:05,427 - BTCPaySwitch - INFO - Starting Bitcoin Switch WebSocket client
2026-01-03 12:18:05,427 - BTCPaySwitch - INFO - WebSocket URL: ws://umbrel.local:3003/apps/32KCJgUTzUBBZD8GJprDxdGMSrXM/pos/bitcoinswitch
2026-01-03 12:18:05,427 - BTCPaySwitch - INFO - Relay pin: 17
2026-01-03 12:18:05,427 - BTCPaySwitch - INFO - Connecting to ws://umbrel.local:3003/apps/32KCJgUTzUBBZD8GJprDxdGMSrXM/pos/bitcoinswitch
2026-01-03 12:18:05,679 - BTCPaySwitch - ERROR - WebSocket error: [Errno 65] No route to host
2026-01-03 12:18:05,679 - BTCPaySwitch - WARNING - WebSocket connection closed: None - None
2026-01-03 12:18:05,679 - BTCPaySwitch - INFO - Reconnecting in 5 seconds...
2026-01-03 12:18:10,682 - BTCPaySwitch - INFO - Connecting to ws://umbrel.local:3003/apps/32KCJgUTzUBBZD8GJprDxdGMSrXM/pos/bitcoinswitch
2026-01-03 12:18:10,754 - BTCPaySwitch - INFO - WebSocket connection established
2026-01-03 12:18:41,906 - BTCPaySwitch - INFO - Shutting down...
2026-01-03 12:18:41,911 - BTCPaySwitch - WARNING - WebSocket connection closed: None - None
2026-01-03 12:18:41,912 - BTCPaySwitch - INFO - Shutting down...
